{"/Users/jonathandaddia/dev/dui/packages/dui/tailwind.config.ts": {"path":"/Users/jonathandaddia/dev/dui/packages/dui/tailwind.config.ts","statementMap":{"0":{"start":{"line":4,"column":63},"end":{"line":8,"column":null}}},"fnMap":{},"branchMap":{},"s":{"0":0},"f":{},"b":{}}
,"/Users/jonathandaddia/dev/dui/packages/dui/src/components/Button/Button.stories.tsx": {"path":"/Users/jonathandaddia/dev/dui/packages/dui/src/components/Button/Button.stories.tsx","statementMap":{"0":{"start":{"line":5,"column":34},"end":{"line":57,"column":null}},"1":{"start":{"line":63,"column":30},"end":{"line":68,"column":null}},"2":{"start":{"line":70,"column":32},"end":{"line":75,"column":null}},"3":{"start":{"line":77,"column":30},"end":{"line":82,"column":null}},"4":{"start":{"line":84,"column":28},"end":{"line":89,"column":null}},"5":{"start":{"line":91,"column":34},"end":{"line":96,"column":null}},"6":{"start":{"line":98,"column":28},"end":{"line":103,"column":null}},"7":{"start":{"line":105,"column":28},"end":{"line":110,"column":null}},"8":{"start":{"line":112,"column":28},"end":{"line":117,"column":null}},"9":{"start":{"line":119,"column":29},"end":{"line":124,"column":null}},"10":{"start":{"line":126,"column":28},"end":{"line":131,"column":null}},"11":{"start":{"line":133,"column":30},"end":{"line":138,"column":null}},"12":{"start":{"line":140,"column":31},"end":{"line":145,"column":null}},"13":{"start":{"line":147,"column":29},"end":{"line":153,"column":null}},"14":{"start":{"line":155,"column":36},"end":{"line":214,"column":null}},"15":{"start":{"line":157,"column":4},"end":{"line":212,"column":null}}},"fnMap":{"0":{"name":"(anonymous_0)","decl":{"start":{"line":156,"column":10},"end":{"line":156,"column":null}},"loc":{"start":{"line":157,"column":4},"end":{"line":212,"column":null}}}},"branchMap":{},"s":{"0":0,"1":0,"2":0,"3":0,"4":0,"5":0,"6":0,"7":0,"8":0,"9":0,"10":0,"11":0,"12":0,"13":0,"14":0,"15":0},"f":{"0":0},"b":{}}
,"/Users/jonathandaddia/dev/dui/packages/dui/src/components/Button/Button.styles.ts": {"path":"/Users/jonathandaddia/dev/dui/packages/dui/src/components/Button/Button.styles.ts","statementMap":{"0":{"start":{"line":3,"column":30},"end":{"line":76,"column":null}}},"fnMap":{},"branchMap":{},"s":{"0":1},"f":{},"b":{}}
,"/Users/jonathandaddia/dev/dui/packages/dui/src/components/Button/Button.tsx": {"path":"/Users/jonathandaddia/dev/dui/packages/dui/src/components/Button/Button.tsx","statementMap":{"0":{"start":{"line":9,"column":20},"end":{"line":19,"column":null}},"1":{"start":{"line":10,"column":2},"end":{"line":17,"column":null}},"2":{"start":{"line":20,"column":0},"end":{"line":20,"column":null}},"3":{"start":{"line":22,"column":20},"end":{"line":38,"column":null}},"4":{"start":{"line":28,"column":2},"end":{"line":36,"column":null}},"5":{"start":{"line":39,"column":0},"end":{"line":39,"column":null}},"6":{"start":{"line":41,"column":24},"end":{"line":90,"column":null}},"7":{"start":{"line":60,"column":23},"end":{"line":60,"column":null}},"8":{"start":{"line":63,"column":26},"end":{"line":63,"column":null}},"9":{"start":{"line":65,"column":17},"end":{"line":65,"column":null}},"10":{"start":{"line":67,"column":4},"end":{"line":87,"column":null}},"11":{"start":{"line":91,"column":0},"end":{"line":91,"column":null}},"12":{"start":{"line":93,"column":19},"end":{"line":143,"column":null}},"13":{"start":{"line":114,"column":26},"end":{"line":114,"column":null}},"14":{"start":{"line":116,"column":17},"end":{"line":116,"column":null}},"15":{"start":{"line":118,"column":4},"end":{"line":140,"column":null}},"16":{"start":{"line":144,"column":0},"end":{"line":144,"column":null}},"17":{"start":{"line":146,"column":22},"end":{"line":164,"column":null}},"18":{"start":{"line":150,"column":2},"end":{"line":157,"column":null}},"19":{"start":{"line":151,"column":4},"end":{"line":155,"column":null}},"20":{"start":{"line":158,"column":2},"end":{"line":162,"column":null}},"21":{"start":{"line":166,"column":0},"end":{"line":166,"column":null}}},"fnMap":{"0":{"name":"(anonymous_0)","decl":{"start":{"line":9,"column":20},"end":{"line":9,"column":21}},"loc":{"start":{"line":9,"column":65},"end":{"line":19,"column":null}}},"1":{"name":"(anonymous_1)","decl":{"start":{"line":22,"column":20},"end":{"line":22,"column":21}},"loc":{"start":{"line":27,"column":78},"end":{"line":38,"column":null}}},"2":{"name":"(anonymous_2)","decl":{"start":{"line":42,"column":2},"end":{"line":42,"column":null}},"loc":{"start":{"line":59,"column":7},"end":{"line":89,"column":null}}},"3":{"name":"(anonymous_3)","decl":{"start":{"line":94,"column":2},"end":{"line":94,"column":null}},"loc":{"start":{"line":112,"column":7},"end":{"line":142,"column":null}}},"4":{"name":"(anonymous_4)","decl":{"start":{"line":149,"column":2},"end":{"line":149,"column":3}},"loc":{"start":{"line":149,"column":18},"end":{"line":164,"column":1}}}},"branchMap":{"0":{"loc":{"start":{"line":30,"column":7},"end":{"line":31,"column":null}},"type":"binary-expr","locations":[{"start":{"line":30,"column":7},"end":{"line":30,"column":null}},{"start":{"line":31,"column":8},"end":{"line":31,"column":null}}]},"1":{"loc":{"start":{"line":33,"column":7},"end":{"line":33,"column":null}},"type":"binary-expr","locations":[{"start":{"line":33,"column":7},"end":{"line":33,"column":19}},{"start":{"line":33,"column":19},"end":{"line":33,"column":33}},{"start":{"line":33,"column":33},"end":{"line":33,"column":null}}]},"2":{"loc":{"start":{"line":35,"column":7},"end":{"line":35,"column":null}},"type":"binary-expr","locations":[{"start":{"line":35,"column":7},"end":{"line":35,"column":20}},{"start":{"line":35,"column":20},"end":{"line":35,"column":null}}]},"3":{"loc":{"start":{"line":60,"column":23},"end":{"line":60,"column":null}},"type":"binary-expr","locations":[{"start":{"line":60,"column":23},"end":{"line":60,"column":35}},{"start":{"line":60,"column":35},"end":{"line":60,"column":null}}]},"4":{"loc":{"start":{"line":63,"column":26},"end":{"line":63,"column":null}},"type":"cond-expr","locations":[{"start":{"line":63,"column":34},"end":{"line":63,"column":44}},{"start":{"line":63,"column":44},"end":{"line":63,"column":null}}]},"5":{"loc":{"start":{"line":65,"column":17},"end":{"line":65,"column":null}},"type":"cond-expr","locations":[{"start":{"line":65,"column":27},"end":{"line":65,"column":38}},{"start":{"line":65,"column":38},"end":{"line":65,"column":null}}]},"6":{"loc":{"start":{"line":114,"column":26},"end":{"line":114,"column":null}},"type":"cond-expr","locations":[{"start":{"line":114,"column":34},"end":{"line":114,"column":44}},{"start":{"line":114,"column":44},"end":{"line":114,"column":null}}]},"7":{"loc":{"start":{"line":116,"column":17},"end":{"line":116,"column":null}},"type":"cond-expr","locations":[{"start":{"line":116,"column":27},"end":{"line":116,"column":33}},{"start":{"line":116,"column":33},"end":{"line":116,"column":null}}]},"8":{"loc":{"start":{"line":128,"column":10},"end":{"line":128,"column":null}},"type":"cond-expr","locations":[{"start":{"line":128,"column":34},"end":{"line":128,"column":69}},{"start":{"line":128,"column":69},"end":{"line":128,"column":null}}]},"9":{"loc":{"start":{"line":128,"column":10},"end":{"line":128,"column":34}},"type":"binary-expr","locations":[{"start":{"line":128,"column":10},"end":{"line":128,"column":22}},{"start":{"line":128,"column":22},"end":{"line":128,"column":34}}]},"10":{"loc":{"start":{"line":150,"column":2},"end":{"line":157,"column":null}},"type":"if","locations":[{"start":{"line":150,"column":2},"end":{"line":157,"column":null}},{"start":{},"end":{}}]},"11":{"loc":{"start":{"line":150,"column":6},"end":{"line":150,"column":37}},"type":"binary-expr","locations":[{"start":{"line":150,"column":6},"end":{"line":150,"column":25}},{"start":{"line":150,"column":25},"end":{"line":150,"column":37}}]}},"s":{"0":1,"1":24,"2":1,"3":1,"4":24,"5":1,"6":1,"7":22,"8":22,"9":22,"10":22,"11":1,"12":1,"13":2,"14":2,"15":2,"16":1,"17":1,"18":24,"19":2,"20":22,"21":1},"f":{"0":24,"1":24,"2":22,"3":2,"4":24},"b":{"0":[24,1],"1":[24,1,1],"2":[24,1],"3":[22,20],"4":[1,21],"5":[0,22],"6":[0,2],"7":[0,2],"8":[1,1],"9":[2,1],"10":[2,22],"11":[24,2]}}
,"/Users/jonathandaddia/dev/dui/packages/dui/src/utils/cn.ts": {"path":"/Users/jonathandaddia/dev/dui/packages/dui/src/utils/cn.ts","statementMap":{"0":{"start":{"line":4,"column":2},"end":{"line":4,"column":null}}},"fnMap":{"0":{"name":"cn","decl":{"start":{"line":3,"column":16},"end":{"line":3,"column":22}},"loc":{"start":{"line":3,"column":44},"end":{"line":5,"column":null}}}},"branchMap":{},"s":{"0":24},"f":{"0":24},"b":{}}
,"/Users/jonathandaddia/dev/dui/packages/dui/turbo/generators/config.ts": {"path":"/Users/jonathandaddia/dev/dui/packages/dui/turbo/generators/config.ts","statementMap":{"0":{"start":{"line":7,"column":2},"end":{"line":29,"column":null}}},"fnMap":{"0":{"name":"generator","decl":{"start":{"line":5,"column":24},"end":{"line":5,"column":34}},"loc":{"start":{"line":5,"column":69},"end":{"line":30,"column":null}}}},"branchMap":{},"s":{"0":0},"f":{"0":0},"b":{}}
}
